<?xml version="1.0" encoding="UTF-8"?>
<testsuite xmlns:xsi="http://www.w3.org/2001/XMLSchema-instance" xsi:noNamespaceSchemaLocation="https://maven.apache.org/surefire/maven-surefire-plugin/xsd/surefire-test-report-3.0.xsd" version="3.0" name="me.growapet.quests.QuestPeriodsTest" time="0.076" tests="3" errors="0" skipped="0" failures="0">
  <properties>
[...]
</properties>
  <testcase name="keysUseUtcDailyAndIsoWeeklyBoundaries" classname="me.growapet.quests.QuestPeriodsTest" time="0.038"/>
  <testcase name="resetCountdownIsStableAndStoryDoesNotExpire" classname="me.growapet.quests.QuestPeriodsTest" time="0.009"/>
  <testcase name="unknownGroupsAreRejected" classname="me.growapet.quests.QuestPeriodsTest" time="0.002"/>
</testsuite>